2022-08-29 12:36:59.128  INFO LuisEduardo --- [  restartedMain] c.m.d.DevicesApplication                 : Starting DevicesApplication using Java 17 on LuisEduardo with PID 8120 (C:\Users\lep53\OneDrive\Documents\devices\target\classes started by lep53 in C:\Users\lep53\OneDrive\Documents\devices)
2022-08-29 12:36:59.139 DEBUG LuisEduardo --- [  restartedMain] c.m.d.DevicesApplication                 : Running with Spring Boot v2.7.1, Spring v5.3.21
2022-08-29 12:36:59.140  INFO LuisEduardo --- [  restartedMain] c.m.d.DevicesApplication                 : No active profile set, falling back to 1 default profile: "default"
2022-08-29 12:36:59.180  INFO LuisEduardo --- [  restartedMain] .e.DevToolsPropertyDefaultsPostProcessor : Devtools property defaults active! Set 'spring.devtools.add-properties' to 'false' to disable
2022-08-29 12:36:59.180  INFO LuisEduardo --- [  restartedMain] .e.DevToolsPropertyDefaultsPostProcessor : For additional web related logging consider setting the 'logging.level.web' property to 'DEBUG'
2022-08-29 12:36:59.889  INFO LuisEduardo --- [  restartedMain] trationDelegate$BeanPostProcessorChecker : Bean 'org.springframework.ws.config.annotation.DelegatingWsConfiguration' of type [org.springframework.ws.config.annotation.DelegatingWsConfiguration$$EnhancerBySpringCGLIB$$25f6f55] is not eligible for getting processed by all BeanPostProcessors (for example: not eligible for auto-proxying)
2022-08-29 12:36:59.910  WARN LuisEduardo --- [  restartedMain] o.s.x.DocumentBuilderFactoryUtils        : http://javax.xml.XMLConstants/property/accessExternalDTD property not supported by org.apache.xerces.jaxp.DocumentBuilderFactoryImpl
2022-08-29 12:36:59.911  WARN LuisEduardo --- [  restartedMain] o.s.x.DocumentBuilderFactoryUtils        : http://javax.xml.XMLConstants/property/accessExternalSchema property not supported by org.apache.xerces.jaxp.DocumentBuilderFactoryImpl
2022-08-29 12:36:59.932  INFO LuisEduardo --- [  restartedMain] .w.s.a.s.AnnotationActionEndpointMapping : Supporting [WS-Addressing August 2004, WS-Addressing 1.0]
2022-08-29 12:37:00.342  INFO LuisEduardo --- [  restartedMain] o.s.b.w.e.t.TomcatWebServer              : Tomcat initialized with port(s): 8080 (http)
2022-08-29 12:37:00.471  INFO LuisEduardo --- [  restartedMain] w.s.c.ServletWebServerApplicationContext : Root WebApplicationContext: initialization completed in 1290 ms
2022-08-29 12:37:00.899  INFO LuisEduardo --- [  restartedMain] o.s.b.d.a.OptionalLiveReloadServer       : LiveReload server is running on port 35729
2022-08-29 12:37:00.937  INFO LuisEduardo --- [  restartedMain] o.s.b.w.e.t.TomcatWebServer              : Tomcat started on port(s): 8080 (http) with context path ''
2022-08-29 12:37:00.947  INFO LuisEduardo --- [  restartedMain] c.m.d.DevicesApplication                 : Started DevicesApplication in 2.18 seconds (JVM running for 3.198)
2022-08-29 12:37:56.837  INFO LuisEduardo --- [  restartedMain] .e.DevToolsPropertyDefaultsPostProcessor : Devtools property defaults active! Set 'spring.devtools.add-properties' to 'false' to disable
2022-08-29 12:37:56.837  INFO LuisEduardo --- [  restartedMain] .e.DevToolsPropertyDefaultsPostProcessor : For additional web related logging consider setting the 'logging.level.web' property to 'DEBUG'
2022-08-29 12:37:56.845  INFO LuisEduardo --- [  restartedMain] c.m.d.DevicesApplication                 : Starting DevicesApplication using Java 17 on LuisEduardo with PID 8120 (C:\Users\lep53\OneDrive\Documents\devices\target\classes started by lep53 in C:\Users\lep53\OneDrive\Documents\devices)
2022-08-29 12:37:56.846 DEBUG LuisEduardo --- [  restartedMain] c.m.d.DevicesApplication                 : Running with Spring Boot v2.7.1, Spring v5.3.21
2022-08-29 12:37:56.846  INFO LuisEduardo --- [  restartedMain] c.m.d.DevicesApplication                 : No active profile set, falling back to 1 default profile: "default"
2022-08-29 12:37:57.017  INFO LuisEduardo --- [  restartedMain] trationDelegate$BeanPostProcessorChecker : Bean 'org.springframework.ws.config.annotation.DelegatingWsConfiguration' of type [org.springframework.ws.config.annotation.DelegatingWsConfiguration$$EnhancerBySpringCGLIB$$25f6f55] is not eligible for getting processed by all BeanPostProcessors (for example: not eligible for auto-proxying)
2022-08-29 12:37:57.019  INFO LuisEduardo --- [  restartedMain] .w.s.a.s.AnnotationActionEndpointMapping : Supporting [WS-Addressing August 2004, WS-Addressing 1.0]
2022-08-29 12:37:57.053  INFO LuisEduardo --- [  restartedMain] o.s.b.w.e.t.TomcatWebServer              : Tomcat initialized with port(s): 8080 (http)
2022-08-29 12:37:57.082  INFO LuisEduardo --- [  restartedMain] w.s.c.ServletWebServerApplicationContext : Root WebApplicationContext: initialization completed in 233 ms
2022-08-29 12:37:57.168  INFO LuisEduardo --- [  restartedMain] o.s.b.d.a.OptionalLiveReloadServer       : LiveReload server is running on port 35729
2022-08-29 12:37:57.175  INFO LuisEduardo --- [  restartedMain] o.s.b.w.e.t.TomcatWebServer              : Tomcat started on port(s): 8080 (http) with context path ''
2022-08-29 12:37:57.179  INFO LuisEduardo --- [  restartedMain] c.m.d.DevicesApplication                 : Started DevicesApplication in 0.36 seconds (JVM running for 59.43)
2022-08-29 12:37:57.180  INFO LuisEduardo --- [  restartedMain] .ConditionEvaluationDeltaLoggingListener : Condition evaluation unchanged
